Active-HDL 10.3.3558.6081  2016-08-23 16:13:19

Elaboration top modules:
Architecture                  l2u_TB(l2u_TB)


---------------------------------------------------------------------------------------------------
Entity        | Architecture  | Library | Info | Compiler Version            | Compilation Options
---------------------------------------------------------------------------------------------------
l2u_TB        | l2u_TB        | u2l     |      | 10.3.3558.6081  (Windows64) | -dbg
u2l           | u2l           | u2l     |      | 10.3.3558.6081  (Windows64) | -dbg
clk_module_01 | clk_module_01 | u2l     |      | 10.3.3558.6081  (Windows64) | -dbg
ramp_gen      | ramp_gen      | u2l     |      | 10.3.3558.6081  (Windows64) | -dbg
MuLawDecoder  | RTL           | u2l     |      | 10.3.3558.6081  (Windows64) | -dbg
fast_encoder  | fast_encoder  | u2l     |      | 10.3.3558.6081  (Windows64) | -dbg
uLaw_encoder  | RTL           | u2l     |      | 10.3.3558.6081  (Windows64) | -dbg
l2u           | l2u           | u2l     |      | 10.3.3558.6081  (Windows64) | -dbg
---------------------------------------------------------------------------------------------------

---------------------------------------------------------------------------------------------------
VHDL Package                  | Library | Info | Compiler Version            | Compilation Options
---------------------------------------------------------------------------------------------------
standard                      | std     |      |                             | <unavailable>
TEXTIO                        | std     |      | 10.3.3558.6081  (Windows64) |  -2008
std_logic_1164                | ieee    |      | 10.3.3558.6081  (Windows64) |  -2008
std_logic_arith               | ieee    |      | 10.3.3558.6081  (Windows64) | <unavailable>
STD_LOGIC_SIGNED              | ieee    |      | 10.3.3558.6081  (Windows64) | <unavailable>
---------------------------------------------------------------------------------------------------

---------------------------------------------------------------------------------------------------
Library                       | Comment
---------------------------------------------------------------------------------------------------
ieee                          | Standard IEEE packages library
std                           | Standard VHDL library
u2l                           | None
---------------------------------------------------------------------------------------------------
